2026-03-22 13:53:20 | INFO | session expired
2026-04-10 01:39:12 | INFO | product service timeout
2026-03-02 01:07:40 | INFO | payment callback received
2026-04-18 00:08:16 | INFO | feature pipeline started
2026-03-11 16:52:21 | INFO | payment callback received
2026-03-22 14:10:50 | WARN | session expired
2026-04-08 17:24:39 | WARN | feature pipeline started
2026-03-13 12:38:43 | INFO | session expired
2026-04-09 00:07:37 | INFO | checkout latency above threshold
2026-03-12 09:40:26 | INFO | checkout latency above threshold
2026-03-19 13:23:37 | INFO | feature pipeline started
2026-03-27 06:53:39 | INFO | profile cache miss
2026-04-10 14:38:25 | WARN | payment callback received
2026-03-01 06:11:07 | INFO | inventory sync completed
2026-03-08 04:22:24 | WARN | session expired
2026-03-20 15:26:24 | INFO | feature pipeline finished
2026-03-31 20:19:07 | WARN | feature pipeline finished
2026-03-17 00:44:43 | INFO | profile cache miss
2026-04-02 19:25:52 | INFO | payment callback received
2026-03-18 13:19:51 | INFO | product service timeout
2026-04-13 08:57:54 | ERROR | inventory sync completed
2026-04-18 06:16:52 | INFO | payment callback received
2026-04-04 13:16:52 | INFO | payment callback received
2026-03-03 22:38:28 | INFO | feature pipeline finished
2026-04-11 11:47:39 | INFO | feature pipeline finished
2026-03-05 02:49:20 | INFO | session expired
2026-03-18 13:38:36 | INFO | payment callback received
2026-03-24 14:20:40 | INFO | payment callback received
2026-03-29 00:11:51 | INFO | profile cache miss
2026-03-25 11:54:21 | INFO | product service timeout
2026-04-15 05:24:50 | INFO | inventory sync completed
2026-03-15 16:57:39 | INFO | feature pipeline started
2026-04-04 19:40:46 | INFO | product service timeout
2026-04-02 18:39:19 | INFO | product service timeout
2026-03-05 12:46:59 | INFO | feature pipeline finished
2026-04-16 13:53:11 | INFO | checkout latency above threshold
2026-03-20 05:37:15 | WARN | checkout latency above threshold
2026-03-01 08:47:08 | INFO | inventory sync completed
2026-04-13 04:09:46 | ERROR | checkout latency above threshold
2026-04-06 12:31:33 | WARN | checkout latency above threshold
2026-04-13 02:46:03 | INFO | payment callback received
2026-04-11 03:35:17 | ERROR | inventory sync completed
2026-03-03 08:48:50 | INFO | profile cache miss
2026-03-11 19:50:52 | INFO | checkout latency above threshold
2026-04-10 09:15:38 | INFO | inventory sync completed
2026-04-06 05:29:51 | WARN | payment callback received
2026-03-28 18:53:16 | INFO | product service timeout
2026-04-08 02:59:56 | WARN | inventory sync completed
2026-03-02 07:20:14 | INFO | checkout latency above threshold
2026-04-10 14:23:55 | INFO | feature pipeline finished
2026-04-11 01:18:10 | INFO | feature pipeline started
2026-03-06 18:39:21 | INFO | profile cache miss
2026-04-15 22:24:14 | INFO | feature pipeline finished
2026-03-13 22:22:19 | INFO | feature pipeline started
2026-03-31 12:56:32 | INFO | payment callback received
2026-03-14 15:42:03 | INFO | payment callback received
2026-03-16 15:41:28 | INFO | session expired
2026-03-01 07:53:04 | INFO | profile cache miss
2026-03-02 03:06:44 | INFO | inventory sync completed
2026-03-21 03:50:04 | INFO | checkout latency above threshold
2026-03-13 07:01:20 | INFO | feature pipeline started
2026-03-19 17:07:58 | ERROR | inventory sync completed
2026-04-01 22:21:39 | INFO | payment callback received
2026-03-26 18:04:08 | ERROR | profile cache miss
2026-04-10 19:18:43 | INFO | profile cache miss
2026-04-07 00:06:19 | INFO | product service timeout
2026-04-12 06:57:38 | INFO | payment callback received
2026-03-30 15:00:18 | ERROR | product service timeout
2026-03-27 19:48:12 | INFO | feature pipeline started
2026-04-15 03:53:32 | INFO | payment callback received
2026-03-20 10:02:36 | INFO | session expired
2026-03-25 18:52:57 | INFO | product service timeout
2026-04-12 22:44:27 | INFO | checkout latency above threshold
2026-03-17 05:00:42 | WARN | feature pipeline started
2026-03-23 14:33:46 | INFO | feature pipeline started
2026-04-18 13:48:46 | INFO | feature pipeline finished
2026-04-14 00:34:02 | WARN | profile cache miss
2026-04-12 09:29:27 | INFO | checkout latency above threshold
2026-04-02 21:00:36 | INFO | inventory sync completed
2026-04-17 03:40:01 | INFO | feature pipeline started
2026-04-06 07:54:44 | INFO | feature pipeline finished
2026-04-04 02:43:42 | INFO | profile cache miss
2026-03-28 04:07:50 | WARN | inventory sync completed
2026-03-13 02:06:08 | INFO | checkout latency above threshold
2026-04-08 15:31:45 | INFO | feature pipeline started
2026-03-06 01:41:06 | INFO | feature pipeline finished
2026-04-01 21:18:34 | WARN | session expired
2026-04-02 11:50:06 | INFO | product service timeout
2026-03-04 02:53:43 | INFO | payment callback received
2026-03-20 01:25:51 | INFO | payment callback received
2026-03-13 18:21:14 | INFO | product service timeout
2026-03-19 21:04:32 | WARN | feature pipeline finished
2026-03-25 01:35:21 | INFO | payment callback received
2026-04-17 14:32:27 | WARN | payment callback received
2026-04-17 05:44:41 | INFO | checkout latency above threshold
2026-03-17 16:34:25 | INFO | feature pipeline started
2026-04-09 16:47:09 | INFO | feature pipeline started
2026-04-03 20:13:34 | INFO | product service timeout
2026-03-05 18:01:22 | INFO | inventory sync completed
2026-04-03 14:30:27 | INFO | payment callback received
2026-04-18 02:31:54 | INFO | payment callback received
2026-03-27 23:38:41 | WARN | feature pipeline started
2026-04-05 12:40:30 | INFO | feature pipeline finished
2026-03-10 05:28:20 | INFO | feature pipeline started
2026-04-12 19:20:08 | INFO | feature pipeline started
2026-03-24 21:00:49 | INFO | checkout latency above threshold
2026-04-10 15:05:37 | INFO | payment callback received
2026-04-11 00:55:58 | WARN | session expired
2026-03-14 23:22:24 | INFO | feature pipeline started
2026-03-27 00:38:44 | WARN | feature pipeline started
2026-03-18 13:06:21 | ERROR | product service timeout
2026-04-15 05:40:36 | INFO | payment callback received
2026-03-02 13:27:32 | INFO | feature pipeline started
2026-03-16 08:21:53 | INFO | payment callback received
2026-04-01 17:44:49 | INFO | session expired
2026-04-05 05:41:43 | INFO | feature pipeline finished
2026-03-17 02:56:08 | INFO | feature pipeline finished
2026-04-15 21:52:39 | INFO | profile cache miss
2026-03-05 08:13:51 | INFO | session expired
2026-04-01 17:19:20 | INFO | feature pipeline started
2026-03-08 19:32:57 | INFO | payment callback received
2026-03-24 13:52:13 | INFO | feature pipeline started
2026-03-18 12:32:20 | INFO | checkout latency above threshold
2026-03-20 18:30:14 | INFO | feature pipeline started
2026-03-28 16:23:14 | WARN | session expired
2026-03-10 14:03:29 | INFO | payment callback received
2026-04-04 16:29:57 | WARN | checkout latency above threshold
2026-03-16 20:08:36 | INFO | payment callback received
2026-04-20 13:14:48 | INFO | session expired
2026-03-23 18:53:57 | WARN | feature pipeline finished
2026-04-14 06:46:17 | WARN | inventory sync completed
2026-03-10 09:47:35 | INFO | inventory sync completed
2026-03-01 23:41:33 | INFO | product service timeout
2026-03-27 05:28:28 | INFO | product service timeout
2026-04-10 04:12:50 | INFO | payment callback received
2026-03-30 22:36:36 | INFO | feature pipeline started
2026-04-03 22:27:17 | ERROR | product service timeout
2026-03-02 06:38:48 | ERROR | inventory sync completed
2026-04-06 12:58:18 | INFO | feature pipeline started
2026-04-14 18:20:09 | INFO | payment callback received
2026-03-08 09:59:13 | INFO | payment callback received
2026-03-24 03:51:45 | INFO | inventory sync completed
2026-03-15 06:18:59 | INFO | payment callback received
2026-03-07 09:55:43 | INFO | checkout latency above threshold
2026-03-07 18:41:03 | WARN | checkout latency above threshold
2026-03-26 05:48:20 | INFO | product service timeout
2026-04-08 03:08:56 | INFO | checkout latency above threshold
2026-04-19 08:55:05 | INFO | payment callback received
2026-03-16 21:34:00 | INFO | inventory sync completed
2026-03-13 15:09:36 | INFO | checkout latency above threshold
2026-04-06 05:28:57 | INFO | session expired
2026-03-09 01:03:28 | INFO | checkout latency above threshold
2026-04-12 13:20:34 | WARN | profile cache miss
2026-03-31 11:46:15 | WARN | session expired
2026-03-21 06:16:12 | INFO | product service timeout
2026-03-22 07:47:37 | INFO | feature pipeline started
2026-04-08 08:38:33 | INFO | feature pipeline finished
2026-03-09 03:20:18 | ERROR | session expired
2026-03-23 01:33:27 | INFO | feature pipeline started
2026-03-29 20:05:41 | INFO | checkout latency above threshold
2026-03-17 16:26:05 | INFO | profile cache miss
2026-03-20 06:00:31 | INFO | payment callback received
2026-03-13 15:34:33 | INFO | feature pipeline started
2026-04-05 12:58:58 | INFO | checkout latency above threshold
2026-03-06 16:05:56 | INFO | product service timeout
2026-04-15 21:45:48 | INFO | profile cache miss
2026-04-19 17:47:33 | WARN | feature pipeline finished
2026-03-24 18:59:14 | INFO | feature pipeline started
2026-03-22 06:02:01 | INFO | checkout latency above threshold
2026-03-09 01:51:11 | INFO | inventory sync completed
2026-03-15 08:47:30 | INFO | profile cache miss
2026-04-03 21:03:47 | ERROR | checkout latency above threshold
2026-03-19 13:55:16 | INFO | payment callback received
2026-03-17 08:45:30 | INFO | profile cache miss
2026-03-01 10:10:40 | INFO | checkout latency above threshold
2026-03-10 02:33:08 | WARN | session expired
2026-04-02 02:11:28 | WARN | feature pipeline finished
2026-03-26 03:19:43 | INFO | inventory sync completed
2026-03-04 23:21:23 | ERROR | session expired
2026-04-16 09:41:36 | INFO | product service timeout
2026-03-13 03:59:05 | INFO | product service timeout
2026-03-14 22:35:49 | INFO | feature pipeline finished
2026-04-17 23:58:54 | ERROR | feature pipeline finished
2026-03-26 13:53:00 | INFO | product service timeout
2026-03-21 00:09:09 | INFO | payment callback received
2026-04-08 10:26:25 | WARN | checkout latency above threshold
2026-03-16 01:02:19 | WARN | inventory sync completed
2026-03-03 19:39:46 | INFO | product service timeout
2026-03-29 19:14:42 | WARN | session expired
2026-04-10 18:46:53 | INFO | feature pipeline started
2026-03-20 04:04:53 | INFO | inventory sync completed
2026-04-12 07:43:14 | INFO | checkout latency above threshold
2026-04-17 17:02:27 | INFO | feature pipeline started
2026-03-10 15:21:36 | INFO | product service timeout
2026-04-20 10:21:56 | WARN | feature pipeline finished
2026-04-12 05:59:24 | WARN | inventory sync completed
2026-04-19 07:24:07 | INFO | checkout latency above threshold
2026-03-29 22:02:45 | INFO | product service timeout
2026-04-16 06:59:12 | WARN | feature pipeline finished
2026-04-18 10:11:01 | INFO | profile cache miss
2026-04-08 09:14:14 | WARN | session expired
2026-04-02 02:25:12 | INFO | profile cache miss
2026-04-14 15:07:56 | ERROR | payment callback received
2026-03-27 04:25:43 | INFO | payment callback received
2026-04-08 16:52:49 | WARN | feature pipeline started
2026-03-29 08:43:09 | INFO | inventory sync completed
2026-03-18 05:35:31 | INFO | product service timeout
2026-03-23 03:51:25 | INFO | session expired
2026-03-26 22:21:20 | INFO | payment callback received
2026-03-13 13:41:17 | INFO | session expired
2026-03-12 07:09:51 | WARN | product service timeout
2026-04-18 22:46:43 | INFO | inventory sync completed
2026-03-29 14:49:09 | INFO | profile cache miss
2026-03-10 18:58:48 | INFO | checkout latency above threshold
2026-03-02 20:48:35 | INFO | checkout latency above threshold
2026-03-28 20:14:56 | WARN | feature pipeline finished
2026-04-18 05:31:27 | INFO | session expired
2026-03-01 12:54:46 | INFO | product service timeout
2026-03-05 02:28:44 | INFO | feature pipeline finished
2026-04-12 12:11:06 | INFO | payment callback received
2026-04-18 23:59:13 | INFO | checkout latency above threshold
2026-04-12 06:48:36 | INFO | inventory sync completed
2026-03-05 23:58:55 | WARN | session expired
2026-03-25 07:02:00 | WARN | session expired
2026-03-25 22:40:31 | INFO | checkout latency above threshold
2026-04-11 22:47:58 | INFO | payment callback received
2026-04-03 17:01:22 | INFO | product service timeout
2026-03-08 00:00:52 | WARN | product service timeout
2026-04-14 11:25:38 | INFO | profile cache miss
2026-03-26 20:02:11 | INFO | feature pipeline started
2026-04-14 19:41:12 | INFO | payment callback received
2026-03-18 23:39:51 | INFO | inventory sync completed
2026-03-22 13:16:58 | INFO | payment callback received
2026-03-30 11:06:09 | INFO | product service timeout
2026-03-06 15:56:15 | ERROR | feature pipeline finished
2026-03-05 05:20:39 | INFO | checkout latency above threshold
2026-04-16 20:37:27 | INFO | profile cache miss
2026-04-02 05:29:43 | INFO | profile cache miss
2026-04-10 17:02:11 | INFO | session expired
2026-04-05 02:26:23 | WARN | session expired